2023.07.04 09:12:03 INFO  Started: Metals version 0.11.12 in workspace 'C:\Users\The Boss\Desktop\sudokusolver' for client Visual Studio Code 1.79.2.
juil. 04, 2023 9:12:03 AM org.flywaydb.core.internal.license.VersionPrinter printVersionOnly
INFO: Flyway Community Edition 9.16.3 by Redgate
juil. 04, 2023 9:12:03 AM org.flywaydb.core.internal.license.VersionPrinter printVersion
INFO: See release notes here: https://rd.gt/416ObMi
juil. 04, 2023 9:12:03 AM org.flywaydb.core.internal.license.VersionPrinter printVersion
INFO: 
juil. 04, 2023 9:12:04 AM org.flywaydb.core.internal.database.base.BaseDatabaseType createDatabase
INFO: Database: jdbc:h2:file:C:\Users\The Boss\Desktop\sudokusolver\.metals\metals (H2 2.1)
juil. 04, 2023 9:12:04 AM org.flywaydb.core.internal.schemahistory.JdbcTableSchemaHistory allAppliedMigrations
INFO: Schema history table "PUBLIC"."flyway_schema_history" does not exist yet
juil. 04, 2023 9:12:04 AM org.flywaydb.core.internal.command.DbValidate validate
INFO: Successfully validated 4 migrations (execution time 00:00.012s)
juil. 04, 2023 9:12:04 AM org.flywaydb.core.internal.schemahistory.JdbcTableSchemaHistory create
INFO: Creating Schema History table "PUBLIC"."flyway_schema_history" ...
juil. 04, 2023 9:12:04 AM org.flywaydb.core.internal.command.DbMigrate migrateGroup
INFO: Current version of schema "PUBLIC": << Empty Schema >>
juil. 04, 2023 9:12:04 AM org.flywaydb.core.internal.command.DbMigrate doMigrateGroup
INFO: Migrating schema "PUBLIC" to version "1 - Create tables"
juil. 04, 2023 9:12:04 AM org.flywaydb.core.internal.command.DbMigrate doMigrateGroup
INFO: Migrating schema "PUBLIC" to version "2 - Server discovery"
juil. 04, 2023 9:12:04 AM org.flywaydb.core.internal.command.DbMigrate doMigrateGroup
INFO: Migrating schema "PUBLIC" to version "3 - Jar symbols"
juil. 04, 2023 9:12:04 AM org.flywaydb.core.internal.command.DbMigrate doMigrateGroup
INFO: Migrating schema "PUBLIC" to version "4 - Fingerprints"
juil. 04, 2023 9:12:04 AM org.flywaydb.core.internal.command.DbMigrate logSummary
INFO: Successfully applied 4 migrations to schema "PUBLIC", now at version v4 (execution time 00:00.044s)
2023.07.04 09:12:04 INFO  time: initialize in 0.49s
2023.07.04 09:12:06 WARN  Build server is not auto-connectable.
2023.07.04 09:12:06 WARN  no build target for: C:\Users\The Boss\Desktop\sudokusolver\project\plugins.sbt
2023.07.04 09:12:10 INFO  no build target found for C:\Users\The Boss\Desktop\sudokusolver\project\plugins.sbt. Using presentation compiler with project's scala-library version: 3.2.2
2023.07.04 09:22:08 INFO  Shutting down server
2023.07.04 09:22:08 INFO  shutting down Metals
2023.07.04 09:22:08 INFO  Exiting server
2023.07.04 09:29:14 INFO  Started: Metals version 0.11.12 in workspace 'C:\Users\The Boss\Desktop\sudokusolver' for client Visual Studio Code 1.79.2.
juil. 04, 2023 9:29:14 AM org.flywaydb.core.internal.license.VersionPrinter printVersionOnly
INFO: Flyway Community Edition 9.16.3 by Redgate
juil. 04, 2023 9:29:14 AM org.flywaydb.core.internal.license.VersionPrinter printVersion
INFO: See release notes here: https://rd.gt/416ObMi
juil. 04, 2023 9:29:14 AM org.flywaydb.core.internal.license.VersionPrinter printVersion
INFO: 
juil. 04, 2023 9:29:15 AM org.flywaydb.core.internal.database.base.BaseDatabaseType createDatabase
INFO: Database: jdbc:h2:file:C:\Users\The Boss\Desktop\sudokusolver\.metals\metals (H2 2.1)
juil. 04, 2023 9:29:15 AM org.flywaydb.core.internal.command.DbValidate validate
INFO: Successfully validated 4 migrations (execution time 00:00.013s)
juil. 04, 2023 9:29:15 AM org.flywaydb.core.internal.command.DbMigrate migrateGroup
INFO: Current version of schema "PUBLIC": 4
juil. 04, 2023 9:29:15 AM org.flywaydb.core.internal.command.DbMigrate logSummary
INFO: Schema "PUBLIC" is up to date. No migration necessary.
2023.07.04 09:29:15 INFO  time: initialize in 0.38s
2023.07.04 09:29:16 WARN  Build server is not auto-connectable.
2023.07.04 09:29:18 WARN  no build target for: C:\Users\The Boss\Desktop\sudokusolver\project\plugins.sbt
2023.07.04 09:29:19 INFO  no build target found for C:\Users\The Boss\Desktop\sudokusolver\project\plugins.sbt. Using presentation compiler with project's scala-library version: 3.2.2
2023.07.04 09:29:20 INFO  time: code lens generation in 1.09s
2023.07.04 09:30:18 WARN  no build target for: C:\Users\The Boss\Desktop\sudokusolver\scala\main.scala
2023.07.04 09:30:26 WARN  no build target for: C:\Users\The Boss\Desktop\sudokusolver\scala\main.scala
juil. 04, 2023 11:40:56 AM org.eclipse.lsp4j.jsonrpc.services.GenericEndpoint notify
INFO: Unsupported notification method: $/setTrace
2023.07.04 11:41:37 WARN  no build target for: C:\Users\The Boss\Desktop\sudokusolver\scala\main.scala
2023.07.04 11:43:59 INFO  Shutting down server
2023.07.04 11:43:59 INFO  shutting down Metals
2023.07.04 11:43:59 INFO  Exiting server
2023.07.04 11:44:08 INFO  Started: Metals version 0.11.12 in workspace 'C:\Users\The Boss\Desktop\sudokusolver' for client Visual Studio Code 1.79.2.
juil. 04, 2023 11:44:08 AM org.flywaydb.core.internal.license.VersionPrinter printVersionOnly
INFO: Flyway Community Edition 9.16.3 by Redgate
juil. 04, 2023 11:44:08 AM org.flywaydb.core.internal.license.VersionPrinter printVersion
INFO: See release notes here: https://rd.gt/416ObMi
juil. 04, 2023 11:44:08 AM org.flywaydb.core.internal.license.VersionPrinter printVersion
INFO: 
juil. 04, 2023 11:44:08 AM org.flywaydb.core.internal.database.base.BaseDatabaseType createDatabase
INFO: Database: jdbc:h2:file:C:\Users\The Boss\Desktop\sudokusolver\.metals\metals (H2 2.1)
juil. 04, 2023 11:44:08 AM org.flywaydb.core.internal.schemahistory.JdbcTableSchemaHistory allAppliedMigrations
INFO: Schema history table "PUBLIC"."flyway_schema_history" does not exist yet
juil. 04, 2023 11:44:08 AM org.flywaydb.core.internal.command.DbValidate validate
INFO: Successfully validated 4 migrations (execution time 00:00.009s)
juil. 04, 2023 11:44:08 AM org.flywaydb.core.internal.schemahistory.JdbcTableSchemaHistory create
INFO: Creating Schema History table "PUBLIC"."flyway_schema_history" ...
juil. 04, 2023 11:44:08 AM org.flywaydb.core.internal.command.DbMigrate migrateGroup
INFO: Current version of schema "PUBLIC": << Empty Schema >>
juil. 04, 2023 11:44:08 AM org.flywaydb.core.internal.command.DbMigrate doMigrateGroup
INFO: Migrating schema "PUBLIC" to version "1 - Create tables"
juil. 04, 2023 11:44:08 AM org.flywaydb.core.internal.command.DbMigrate doMigrateGroup
INFO: Migrating schema "PUBLIC" to version "2 - Server discovery"
juil. 04, 2023 11:44:08 AM org.flywaydb.core.internal.command.DbMigrate doMigrateGroup
INFO: Migrating schema "PUBLIC" to version "3 - Jar symbols"
juil. 04, 2023 11:44:08 AM org.flywaydb.core.internal.command.DbMigrate doMigrateGroup
INFO: Migrating schema "PUBLIC" to version "4 - Fingerprints"
juil. 04, 2023 11:44:08 AM org.flywaydb.core.internal.command.DbMigrate logSummary
INFO: Successfully applied 4 migrations to schema "PUBLIC", now at version v4 (execution time 00:00.032s)
2023.07.04 11:44:08 INFO  time: initialize in 0.39s
2023.07.04 11:44:09 WARN  Build server is not auto-connectable.
2023.07.04 11:44:09 WARN  no build target for: C:\Users\The Boss\Desktop\sudokusolver\scala\main.scala
2023.07.04 11:44:11 INFO  no build target found for C:\Users\The Boss\Desktop\sudokusolver\scala\main.scala. Using presentation compiler with project's scala-library version: 3.2.2
2023.07.04 11:44:12 INFO  time: code lens generation in 1.02s
2023.07.04 11:44:12 INFO  time: code lens generation in 2.26s
2023.07.04 11:44:53 WARN  no build target for: C:\Users\The Boss\Desktop\sudokusolver\project\plugins.sbt
juil. 04, 2023 11:44:55 AM org.eclipse.lsp4j.jsonrpc.services.GenericEndpoint notify
INFO: Unsupported notification method: $/setTrace
2023.07.04 11:45:49 WARN  no build target for: C:\Users\The Boss\Desktop\sudokusolver\src\main\scala\SudokuSolver.scala
2023.07.04 11:46:43 WARN  no build target for: C:\Users\The Boss\Desktop\sudokusolver\src\main\scala\Main.scala
2023.07.04 11:46:44 WARN  no build target for: C:\Users\The Boss\Desktop\sudokusolver\src\main\scala\SudokuGrid.scala
2023.07.04 11:48:02 WARN  no build target for: C:\Users\The Boss\Desktop\sudokusolver\src\main\scala\Main.scala
juil. 04, 2023 11:48:23 AM org.eclipse.lsp4j.jsonrpc.RemoteEndpoint handleCancellation
WARNING: Unmatched cancel notification for request id 174
2023.07.04 11:48:25 WARN  no build target for: C:\Users\The Boss\Desktop\sudokusolver\src\main\scala\FileReader.scala
juil. 04, 2023 11:49:51 AM org.eclipse.lsp4j.jsonrpc.RemoteEndpoint handleCancellation
WARNING: Unmatched cancel notification for request id 228
juil. 04, 2023 11:50:01 AM org.eclipse.lsp4j.jsonrpc.RemoteEndpoint handleCancellation
WARNING: Unmatched cancel notification for request id 244
juil. 04, 2023 11:52:54 AM org.eclipse.lsp4j.jsonrpc.RemoteEndpoint handleCancellation
WARNING: Unmatched cancel notification for request id 408
Exception in thread "pool-3-thread-1" java.lang.InterruptedException
	at scala.meta.internal.metals.FutureCancelToken.checkCanceled(FutureCancelToken.scala:29)
	at scala.meta.internal.pc.CompilerAccess.onCompilerJobQueue$$anonfun$1(CompilerAccess.scala:195)
	at scala.meta.internal.pc.CompilerJobQueue$Job.run(CompilerJobQueue.scala:152)
	at java.base/java.util.concurrent.ThreadPoolExecutor.runWorker(ThreadPoolExecutor.java:1136)
	at java.base/java.util.concurrent.ThreadPoolExecutor$Worker.run(ThreadPoolExecutor.java:635)
	at java.base/java.lang.Thread.run(Thread.java:833)
juil. 04, 2023 11:55:50 AM org.eclipse.lsp4j.jsonrpc.RemoteEndpoint handleCancellation
WARNING: Unmatched cancel notification for request id 561
2023.07.04 11:57:18 WARN  no build target for: C:\Users\The Boss\Desktop\sudokusolver\src\main\scala\SudokuSolver.scala
